[2019-07-28 14:00:22,079] TRACE [Controller id=0] Checking need to trigger auto leader balancing (kafka.controller.KafkaController)
[2019-07-28 14:00:22,080] DEBUG [Controller id=0] Preferred replicas by broker Map(0 -> Map(test-0 -> Vector(0))) (kafka.controller.KafkaController)
[2019-07-28 14:00:22,081] DEBUG [Controller id=0] Topics not in preferred replica for broker 0 Map() (kafka.controller.KafkaController)
[2019-07-28 14:00:22,081] TRACE [Controller id=0] Leader imbalance ratio for broker 0 is 0.0 (kafka.controller.KafkaController)
[2019-07-28 14:05:22,082] TRACE [Controller id=0] Checking need to trigger auto leader balancing (kafka.controller.KafkaController)
[2019-07-28 14:05:22,083] DEBUG [Controller id=0] Preferred replicas by broker Map(0 -> Map(test-0 -> Vector(0))) (kafka.controller.KafkaController)
[2019-07-28 14:05:22,083] DEBUG [Controller id=0] Topics not in preferred replica for broker 0 Map() (kafka.controller.KafkaController)
[2019-07-28 14:05:22,083] TRACE [Controller id=0] Leader imbalance ratio for broker 0 is 0.0 (kafka.controller.KafkaController)
[2019-07-28 14:10:22,083] TRACE [Controller id=0] Checking need to trigger auto leader balancing (kafka.controller.KafkaController)
[2019-07-28 14:10:22,084] DEBUG [Controller id=0] Preferred replicas by broker Map(0 -> Map(test-0 -> Vector(0))) (kafka.controller.KafkaController)
[2019-07-28 14:10:22,084] DEBUG [Controller id=0] Topics not in preferred replica for broker 0 Map() (kafka.controller.KafkaController)
[2019-07-28 14:10:22,084] TRACE [Controller id=0] Leader imbalance ratio for broker 0 is 0.0 (kafka.controller.KafkaController)
[2019-07-28 14:15:22,085] TRACE [Controller id=0] Checking need to trigger auto leader balancing (kafka.controller.KafkaController)
[2019-07-28 14:15:22,086] DEBUG [Controller id=0] Preferred replicas by broker Map(0 -> Map(test-0 -> Vector(0))) (kafka.controller.KafkaController)
[2019-07-28 14:15:22,086] DEBUG [Controller id=0] Topics not in preferred replica for broker 0 Map() (kafka.controller.KafkaController)
[2019-07-28 14:15:22,086] TRACE [Controller id=0] Leader imbalance ratio for broker 0 is 0.0 (kafka.controller.KafkaController)
[2019-07-28 14:15:30,710] INFO [Controller id=0] New topics: [Set(lab-results-demo)], deleted topics: [Set()], new partition replica assignment [Map(lab-results-demo-0 -> Vector(0))] (kafka.controller.KafkaController)
[2019-07-28 14:15:30,711] INFO [Controller id=0] New partition creation callback for lab-results-demo-0 (kafka.controller.KafkaController)
[2019-07-28 14:15:30,726] INFO [RequestSendThread controllerId=0] Controller 0 connected to linux:9092 (id: 0 rack: null) for sending state change requests (kafka.controller.RequestSendThread)
[2019-07-28 14:17:44,063] INFO [Controller id=0] Shutting down broker 0 (kafka.controller.KafkaController)
[2019-07-28 14:17:44,064] DEBUG [Controller id=0] All shutting down brokers: 0 (kafka.controller.KafkaController)
[2019-07-28 14:17:44,065] DEBUG [Controller id=0] Live brokers:  (kafka.controller.KafkaController)
[2019-07-28 14:17:44,068] TRACE [Controller id=0] All leaders = lab-results-demo-0 -> (Leader:0,ISR:0,LeaderEpoch:0,ControllerEpoch:1),test-0 -> (Leader:0,ISR:0,LeaderEpoch:0,ControllerEpoch:1) (kafka.controller.KafkaController)
[2019-07-28 14:17:44,845] INFO [ControllerEventThread controllerId=0] Shutting down (kafka.controller.ControllerEventManager$ControllerEventThread)
[2019-07-28 14:17:44,845] INFO [ControllerEventThread controllerId=0] Stopped (kafka.controller.ControllerEventManager$ControllerEventThread)
[2019-07-28 14:17:44,845] INFO [ControllerEventThread controllerId=0] Shutdown completed (kafka.controller.ControllerEventManager$ControllerEventThread)
[2019-07-28 14:17:44,846] DEBUG [Controller id=0] Resigning (kafka.controller.KafkaController)
[2019-07-28 14:17:44,846] DEBUG [Controller id=0] Unregister BrokerModifications handler for Set(0) (kafka.controller.KafkaController)
[2019-07-28 14:17:44,848] INFO [PartitionStateMachine controllerId=0] Stopped partition state machine (kafka.controller.PartitionStateMachine)
[2019-07-28 14:17:44,849] INFO [ReplicaStateMachine controllerId=0] Stopped replica state machine (kafka.controller.ReplicaStateMachine)
[2019-07-28 14:17:44,850] INFO [RequestSendThread controllerId=0] Shutting down (kafka.controller.RequestSendThread)
[2019-07-28 14:17:44,850] INFO [RequestSendThread controllerId=0] Stopped (kafka.controller.RequestSendThread)
[2019-07-28 14:17:44,850] INFO [RequestSendThread controllerId=0] Shutdown completed (kafka.controller.RequestSendThread)
[2019-07-28 14:17:44,852] INFO [Controller id=0] Resigned (kafka.controller.KafkaController)
