[2019-07-28 13:40:15,456] INFO Registered kafka:type=kafka.Log4jController MBean (kafka.utils.Log4jControllerRegistration$)
[2019-07-28 13:40:15,922] INFO starting (kafka.server.KafkaServer)
[2019-07-28 13:40:15,923] INFO Connecting to zookeeper on localhost:2181 (kafka.server.KafkaServer)
[2019-07-28 13:40:15,941] INFO [ZooKeeperClient] Initializing a new session to localhost:2181. (kafka.zookeeper.ZooKeeperClient)
[2019-07-28 13:40:15,945] INFO Client environment:zookeeper.version=3.4.13-2d71af4dbe22557fda74f9a9b4309b15a7487f03, built on 06/29/2018 00:39 GMT (org.apache.zookeeper.ZooKeeper)
[2019-07-28 13:40:15,945] INFO Client environment:host.name=linux (org.apache.zookeeper.ZooKeeper)
[2019-07-28 13:40:15,945] INFO Client environment:java.version=1.8.0_212 (org.apache.zookeeper.ZooKeeper)
[2019-07-28 13:40:15,945] INFO Client environment:java.vendor=Oracle Corporation (org.apache.zookeeper.ZooKeeper)
[2019-07-28 13:40:15,946] INFO Client environment:java.home=/usr/lib/jvm/java-8-openjdk-amd64/jre (org.apache.zookeeper.ZooKeeper)
[2019-07-28 13:40:15,946] INFO Client environment:java.class.path=/home/atupele/Desktop/DevEnv/kafka_setup/kafka/bin/../libs/activation-1.1.1.jar:/home/atupele/Desktop/DevEnv/kafka_setup/kafka/bin/../libs/aopalliance-repackaged-2.5.0-b42.jar:/home/atupele/Desktop/DevEnv/kafka_setup/kafka/bin/../libs/argparse4j-0.7.0.jar:/home/atupele/Desktop/DevEnv/kafka_setup/kafka/bin/../libs/audience-annotations-0.5.0.jar:/home/atupele/Desktop/DevEnv/kafka_setup/kafka/bin/../libs/commons-lang3-3.8.1.jar:/home/atupele/Desktop/DevEnv/kafka_setup/kafka/bin/../libs/connect-api-2.2.1.jar:/home/atupele/Desktop/DevEnv/kafka_setup/kafka/bin/../libs/connect-basic-auth-extension-2.2.1.jar:/home/atupele/Desktop/DevEnv/kafka_setup/kafka/bin/../libs/connect-file-2.2.1.jar:/home/atupele/Desktop/DevEnv/kafka_setup/kafka/bin/../libs/connect-json-2.2.1.jar:/home/atupele/Desktop/DevEnv/kafka_setup/kafka/bin/../libs/connect-runtime-2.2.1.jar:/home/atupele/Desktop/DevEnv/kafka_setup/kafka/bin/../libs/connect-transforms-2.2.1.jar:/home/atupele/Desktop/DevEnv/kafka_setup/kafka/bin/../libs/guava-20.0.jar:/home/atupele/Desktop/DevEnv/kafka_setup/kafka/bin/../libs/hk2-api-2.5.0-b42.jar:/home/atupele/Desktop/DevEnv/kafka_setup/kafka/bin/../libs/hk2-locator-2.5.0-b42.jar:/home/atupele/Desktop/DevEnv/kafka_setup/kafka/bin/../libs/hk2-utils-2.5.0-b42.jar:/home/atupele/Desktop/DevEnv/kafka_setup/kafka/bin/../libs/jackson-annotations-2.9.8.jar:/home/atupele/Desktop/DevEnv/kafka_setup/kafka/bin/../libs/jackson-core-2.9.8.jar:/home/atupele/Desktop/DevEnv/kafka_setup/kafka/bin/../libs/jackson-databind-2.9.8.jar:/home/atupele/Desktop/DevEnv/kafka_setup/kafka/bin/../libs/jackson-datatype-jdk8-2.9.8.jar:/home/atupele/Desktop/DevEnv/kafka_setup/kafka/bin/../libs/jackson-jaxrs-base-2.9.8.jar:/home/atupele/Desktop/DevEnv/kafka_setup/kafka/bin/../libs/jackson-jaxrs-json-provider-2.9.8.jar:/home/atupele/Desktop/DevEnv/kafka_setup/kafka/bin/../libs/jackson-module-jaxb-annotations-2.9.8.jar:/home/atupele/Desktop/DevEnv/kafka_setup/kafka/bin/../libs/javassist-3.22.0-CR2.jar:/home/atupele/Desktop/DevEnv/kafka_setup/kafka/bin/../libs/javax.annotation-api-1.2.jar:/home/atupele/Desktop/DevEnv/kafka_setup/kafka/bin/../libs/javax.inject-1.jar:/home/atupele/Desktop/DevEnv/kafka_setup/kafka/bin/../libs/javax.inject-2.5.0-b42.jar:/home/atupele/Desktop/DevEnv/kafka_setup/kafka/bin/../libs/javax.servlet-api-3.1.0.jar:/home/atupele/Desktop/DevEnv/kafka_setup/kafka/bin/../libs/javax.ws.rs-api-2.1.1.jar:/home/atupele/Desktop/DevEnv/kafka_setup/kafka/bin/../libs/javax.ws.rs-api-2.1.jar:/home/atupele/Desktop/DevEnv/kafka_setup/kafka/bin/../libs/jaxb-api-2.3.0.jar:/home/atupele/Desktop/DevEnv/kafka_setup/kafka/bin/../libs/jersey-client-2.27.jar:/home/atupele/Desktop/DevEnv/kafka_setup/kafka/bin/../libs/jersey-common-2.27.jar:/home/atupele/Desktop/DevEnv/kafka_setup/kafka/bin/../libs/jersey-container-servlet-2.27.jar:/home/atupele/Desktop/DevEnv/kafka_setup/kafka/bin/../libs/jersey-container-servlet-core-2.27.jar:/home/atupele/Desktop/DevEnv/kafka_setup/kafka/bin/../libs/jersey-hk2-2.27.jar:/home/atupele/Desktop/DevEnv/kafka_setup/kafka/bin/../libs/jersey-media-jaxb-2.27.jar:/home/atupele/Desktop/DevEnv/kafka_setup/kafka/bin/../libs/jersey-server-2.27.jar:/home/atupele/Desktop/DevEnv/kafka_setup/kafka/bin/../libs/jetty-client-9.4.14.v20181114.jar:/home/atupele/Desktop/DevEnv/kafka_setup/kafka/bin/../libs/jetty-continuation-9.4.14.v20181114.jar:/home/atupele/Desktop/DevEnv/kafka_setup/kafka/bin/../libs/jetty-http-9.4.14.v20181114.jar:/home/atupele/Desktop/DevEnv/kafka_setup/kafka/bin/../libs/jetty-io-9.4.14.v20181114.jar:/home/atupele/Desktop/DevEnv/kafka_setup/kafka/bin/../libs/jetty-security-9.4.14.v20181114.jar:/home/atupele/Desktop/DevEnv/kafka_setup/kafka/bin/../libs/jetty-server-9.4.14.v20181114.jar:/home/atupele/Desktop/DevEnv/kafka_setup/kafka/bin/../libs/jetty-servlet-9.4.14.v20181114.jar:/home/atupele/Desktop/DevEnv/kafka_setup/kafka/bin/../libs/jetty-servlets-9.4.14.v20181114.jar:/home/atupele/Desktop/DevEnv/kafka_setup/kafka/bin/../libs/jetty-util-9.4.14.v20181114.jar:/home/atupele/Desktop/DevEnv/kafka_setup/kafka/bin/../libs/jopt-simple-5.0.4.jar:/home/atupele/Desktop/DevEnv/kafka_setup/kafka/bin/../libs/kafka_2.12-2.2.1.jar:/home/atupele/Desktop/DevEnv/kafka_setup/kafka/bin/../libs/kafka_2.12-2.2.1-sources.jar:/home/atupele/Desktop/DevEnv/kafka_setup/kafka/bin/../libs/kafka-clients-2.2.1.jar:/home/atupele/Desktop/DevEnv/kafka_setup/kafka/bin/../libs/kafka-log4j-appender-2.2.1.jar:/home/atupele/Desktop/DevEnv/kafka_setup/kafka/bin/../libs/kafka-streams-2.2.1.jar:/home/atupele/Desktop/DevEnv/kafka_setup/kafka/bin/../libs/kafka-streams-examples-2.2.1.jar:/home/atupele/Desktop/DevEnv/kafka_setup/kafka/bin/../libs/kafka-streams-scala_2.12-2.2.1.jar:/home/atupele/Desktop/DevEnv/kafka_setup/kafka/bin/../libs/kafka-streams-test-utils-2.2.1.jar:/home/atupele/Desktop/DevEnv/kafka_setup/kafka/bin/../libs/kafka-tools-2.2.1.jar:/home/atupele/Desktop/DevEnv/kafka_setup/kafka/bin/../libs/log4j-1.2.17.jar:/home/atupele/Desktop/DevEnv/kafka_setup/kafka/bin/../libs/lz4-java-1.5.0.jar:/home/atupele/Desktop/DevEnv/kafka_setup/kafka/bin/../libs/maven-artifact-3.6.0.jar:/home/atupele/Desktop/DevEnv/kafka_setup/kafka/bin/../libs/metrics-core-2.2.0.jar:/home/atupele/Desktop/DevEnv/kafka_setup/kafka/bin/../libs/osgi-resource-locator-1.0.1.jar:/home/atupele/Desktop/DevEnv/kafka_setup/kafka/bin/../libs/plexus-utils-3.1.0.jar:/home/atupele/Desktop/DevEnv/kafka_setup/kafka/bin/../libs/reflections-0.9.11.jar:/home/atupele/Desktop/DevEnv/kafka_setup/kafka/bin/../libs/rocksdbjni-5.15.10.jar:/home/atupele/Desktop/DevEnv/kafka_setup/kafka/bin/../libs/scala-library-2.12.8.jar:/home/atupele/Desktop/DevEnv/kafka_setup/kafka/bin/../libs/scala-logging_2.12-3.9.0.jar:/home/atupele/Desktop/DevEnv/kafka_setup/kafka/bin/../libs/scala-reflect-2.12.8.jar:/home/atupele/Desktop/DevEnv/kafka_setup/kafka/bin/../libs/slf4j-api-1.7.25.jar:/home/atupele/Desktop/DevEnv/kafka_setup/kafka/bin/../libs/slf4j-log4j12-1.7.25.jar:/home/atupele/Desktop/DevEnv/kafka_setup/kafka/bin/../libs/snappy-java-1.1.7.2.jar:/home/atupele/Desktop/DevEnv/kafka_setup/kafka/bin/../libs/validation-api-1.1.0.Final.jar:/home/atupele/Desktop/DevEnv/kafka_setup/kafka/bin/../libs/zkclient-0.11.jar:/home/atupele/Desktop/DevEnv/kafka_setup/kafka/bin/../libs/zookeeper-3.4.13.jar:/home/atupele/Desktop/DevEnv/kafka_setup/kafka/bin/../libs/zstd-jni-1.3.8-1.jar (org.apache.zookeeper.ZooKeeper)
[2019-07-28 13:40:15,946] INFO Client environment:java.library.path=/usr/java/packages/lib/amd64:/usr/lib/x86_64-linux-gnu/jni:/lib/x86_64-linux-gnu:/usr/lib/x86_64-linux-gnu:/usr/lib/jni:/lib:/usr/lib (org.apache.zookeeper.ZooKeeper)
[2019-07-28 13:40:15,946] INFO Client environment:java.io.tmpdir=/tmp (org.apache.zookeeper.ZooKeeper)
[2019-07-28 13:40:15,946] INFO Client environment:java.compiler=<NA> (org.apache.zookeeper.ZooKeeper)
[2019-07-28 13:40:15,946] INFO Client environment:os.name=Linux (org.apache.zookeeper.ZooKeeper)
[2019-07-28 13:40:15,946] INFO Client environment:os.arch=amd64 (org.apache.zookeeper.ZooKeeper)
[2019-07-28 13:40:15,946] INFO Client environment:os.version=5.0.0-21-generic (org.apache.zookeeper.ZooKeeper)
[2019-07-28 13:40:15,946] INFO Client environment:user.name=atupele (org.apache.zookeeper.ZooKeeper)
[2019-07-28 13:40:15,947] INFO Client environment:user.home=/home/atupele (org.apache.zookeeper.ZooKeeper)
[2019-07-28 13:40:15,947] INFO Client environment:user.dir=/home/atupele/Desktop/DevEnv/kafka_setup/kafka (org.apache.zookeeper.ZooKeeper)
[2019-07-28 13:40:15,948] INFO Initiating client connection, connectString=localhost:2181 sessionTimeout=6000 watcher=kafka.zookeeper.ZooKeeperClient$ZooKeeperClientWatcher$@1622f1b (org.apache.zookeeper.ZooKeeper)
[2019-07-28 13:40:15,960] INFO [ZooKeeperClient] Waiting until connected. (kafka.zookeeper.ZooKeeperClient)
[2019-07-28 13:40:15,960] INFO Opening socket connection to server localhost/127.0.0.1:2181. Will not attempt to authenticate using SASL (unknown error) (org.apache.zookeeper.ClientCnxn)
[2019-07-28 13:40:15,964] INFO Socket connection established to localhost/127.0.0.1:2181, initiating session (org.apache.zookeeper.ClientCnxn)
[2019-07-28 13:40:15,984] INFO Session establishment complete on server localhost/127.0.0.1:2181, sessionid = 0x10003be4a370000, negotiated timeout = 6000 (org.apache.zookeeper.ClientCnxn)
[2019-07-28 13:40:15,988] INFO [ZooKeeperClient] Connected. (kafka.zookeeper.ZooKeeperClient)
[2019-07-28 13:40:16,252] INFO Cluster ID = hf2UihihSciNoXBtE8vokQ (kafka.server.KafkaServer)
[2019-07-28 13:40:16,260] WARN No meta.properties file under dir /tmp/kafka-logs/meta.properties (kafka.server.BrokerMetadataCheckpoint)
[2019-07-28 13:40:16,338] INFO KafkaConfig values: 
	advertised.host.name = null
	advertised.listeners = null
	advertised.port = null
	alter.config.policy.class.name = null
	alter.log.dirs.replication.quota.window.num = 11
	alter.log.dirs.replication.quota.window.size.seconds = 1
	authorizer.class.name = 
	auto.create.topics.enable = true
	auto.leader.rebalance.enable = true
	background.threads = 10
	broker.id = 0
	broker.id.generation.enable = true
	broker.rack = null
	client.quota.callback.class = null
	compression.type = producer
	connection.failed.authentication.delay.ms = 100
	connections.max.idle.ms = 600000
	connections.max.reauth.ms = 0
	control.plane.listener.name = null
	controlled.shutdown.enable = true
	controlled.shutdown.max.retries = 3
	controlled.shutdown.retry.backoff.ms = 5000
	controller.socket.timeout.ms = 30000
	create.topic.policy.class.name = null
	default.replication.factor = 1
	delegation.token.expiry.check.interval.ms = 3600000
	delegation.token.expiry.time.ms = 86400000
	delegation.token.master.key = null
	delegation.token.max.lifetime.ms = 604800000
	delete.records.purgatory.purge.interval.requests = 1
	delete.topic.enable = true
	fetch.purgatory.purge.interval.requests = 1000
	group.initial.rebalance.delay.ms = 0
	group.max.session.timeout.ms = 300000
	group.max.size = 2147483647
	group.min.session.timeout.ms = 6000
	host.name = 
	inter.broker.listener.name = null
	inter.broker.protocol.version = 2.2-IV1
	kafka.metrics.polling.interval.secs = 10
	kafka.metrics.reporters = []
	leader.imbalance.check.interval.seconds = 300
	leader.imbalance.per.broker.percentage = 10
	listener.security.protocol.map = PLAINTEXT:PLAINTEXT,SSL:SSL,SASL_PLAINTEXT:SASL_PLAINTEXT,SASL_SSL:SASL_SSL
	listeners = null
	log.cleaner.backoff.ms = 15000
	log.cleaner.dedupe.buffer.size = 134217728
	log.cleaner.delete.retention.ms = 86400000
	log.cleaner.enable = true
	log.cleaner.io.buffer.load.factor = 0.9
	log.cleaner.io.buffer.size = 524288
	log.cleaner.io.max.bytes.per.second = 1.7976931348623157E308
	log.cleaner.min.cleanable.ratio = 0.5
	log.cleaner.min.compaction.lag.ms = 0
	log.cleaner.threads = 1
	log.cleanup.policy = [delete]
	log.dir = /tmp/kafka-logs
	log.dirs = /tmp/kafka-logs
	log.flush.interval.messages = 9223372036854775807
	log.flush.interval.ms = null
	log.flush.offset.checkpoint.interval.ms = 60000
	log.flush.scheduler.interval.ms = 9223372036854775807
	log.flush.start.offset.checkpoint.interval.ms = 60000
	log.index.interval.bytes = 4096
	log.index.size.max.bytes = 10485760
	log.message.downconversion.enable = true
	log.message.format.version = 2.2-IV1
	log.message.timestamp.difference.max.ms = 9223372036854775807
	log.message.timestamp.type = CreateTime
	log.preallocate = false
	log.retention.bytes = -1
	log.retention.check.interval.ms = 300000
	log.retention.hours = 168
	log.retention.minutes = null
	log.retention.ms = null
	log.roll.hours = 168
	log.roll.jitter.hours = 0
	log.roll.jitter.ms = null
	log.roll.ms = null
	log.segment.bytes = 1073741824
	log.segment.delete.delay.ms = 60000
	max.connections.per.ip = 2147483647
	max.connections.per.ip.overrides = 
	max.incremental.fetch.session.cache.slots = 1000
	message.max.bytes = 1000012
	metric.reporters = []
	metrics.num.samples = 2
	metrics.recording.level = INFO
	metrics.sample.window.ms = 30000
	min.insync.replicas = 1
	num.io.threads = 8
	num.network.threads = 3
	num.partitions = 1
	num.recovery.threads.per.data.dir = 1
	num.replica.alter.log.dirs.threads = null
	num.replica.fetchers = 1
	offset.metadata.max.bytes = 4096
	offsets.commit.required.acks = -1
	offsets.commit.timeout.ms = 5000
	offsets.load.buffer.size = 5242880
	offsets.retention.check.interval.ms = 600000
	offsets.retention.minutes = 10080
	offsets.topic.compression.codec = 0
	offsets.topic.num.partitions = 50
	offsets.topic.replication.factor = 1
	offsets.topic.segment.bytes = 104857600
	password.encoder.cipher.algorithm = AES/CBC/PKCS5Padding
	password.encoder.iterations = 4096
	password.encoder.key.length = 128
	password.encoder.keyfactory.algorithm = null
	password.encoder.old.secret = null
	password.encoder.secret = null
	port = 9092
	principal.builder.class = null
	producer.purgatory.purge.interval.requests = 1000
	queued.max.request.bytes = -1
	queued.max.requests = 500
	quota.consumer.default = 9223372036854775807
	quota.producer.default = 9223372036854775807
	quota.window.num = 11
	quota.window.size.seconds = 1
	replica.fetch.backoff.ms = 1000
	replica.fetch.max.bytes = 1048576
	replica.fetch.min.bytes = 1
	replica.fetch.response.max.bytes = 10485760
	replica.fetch.wait.max.ms = 500
	replica.high.watermark.checkpoint.interval.ms = 5000
	replica.lag.time.max.ms = 10000
	replica.socket.receive.buffer.bytes = 65536
	replica.socket.timeout.ms = 30000
	replication.quota.window.num = 11
	replication.quota.window.size.seconds = 1
	request.timeout.ms = 30000
	reserved.broker.max.id = 1000
	sasl.client.callback.handler.class = null
	sasl.enabled.mechanisms = [GSSAPI]
	sasl.jaas.config = null
	sasl.kerberos.kinit.cmd = /usr/bin/kinit
	sasl.kerberos.min.time.before.relogin = 60000
	sasl.kerberos.principal.to.local.rules = [DEFAULT]
	sasl.kerberos.service.name = null
	sasl.kerberos.ticket.renew.jitter = 0.05
	sasl.kerberos.ticket.renew.window.factor = 0.8
	sasl.login.callback.handler.class = null
	sasl.login.class = null
	sasl.login.refresh.buffer.seconds = 300
	sasl.login.refresh.min.period.seconds = 60
	sasl.login.refresh.window.factor = 0.8
	sasl.login.refresh.window.jitter = 0.05
	sasl.mechanism.inter.broker.protocol = GSSAPI
	sasl.server.callback.handler.class = null
	security.inter.broker.protocol = PLAINTEXT
	socket.receive.buffer.bytes = 102400
	socket.request.max.bytes = 104857600
	socket.send.buffer.bytes = 102400
	ssl.cipher.suites = []
	ssl.client.auth = none
	ssl.enabled.protocols = [TLSv1.2, TLSv1.1, TLSv1]
	ssl.endpoint.identification.algorithm = https
	ssl.key.password = null
	ssl.keymanager.algorithm = SunX509
	ssl.keystore.location = null
	ssl.keystore.password = null
	ssl.keystore.type = JKS
	ssl.principal.mapping.rules = [DEFAULT]
	ssl.protocol = TLS
	ssl.provider = null
	ssl.secure.random.implementation = null
	ssl.trustmanager.algorithm = PKIX
	ssl.truststore.location = null
	ssl.truststore.password = null
	ssl.truststore.type = JKS
	transaction.abort.timed.out.transaction.cleanup.interval.ms = 60000
	transaction.max.timeout.ms = 900000
	transaction.remove.expired.transaction.cleanup.interval.ms = 3600000
	transaction.state.log.load.buffer.size = 5242880
	transaction.state.log.min.isr = 1
	transaction.state.log.num.partitions = 50
	transaction.state.log.replication.factor = 1
	transaction.state.log.segment.bytes = 104857600
	transactional.id.expiration.ms = 604800000
	unclean.leader.election.enable = false
	zookeeper.connect = localhost:2181
	zookeeper.connection.timeout.ms = 6000
	zookeeper.max.in.flight.requests = 10
	zookeeper.session.timeout.ms = 6000
	zookeeper.set.acl = false
	zookeeper.sync.time.ms = 2000
 (kafka.server.KafkaConfig)
[2019-07-28 13:40:16,349] INFO KafkaConfig values: 
	advertised.host.name = null
	advertised.listeners = null
	advertised.port = null
	alter.config.policy.class.name = null
	alter.log.dirs.replication.quota.window.num = 11
	alter.log.dirs.replication.quota.window.size.seconds = 1
	authorizer.class.name = 
	auto.create.topics.enable = true
	auto.leader.rebalance.enable = true
	background.threads = 10
	broker.id = 0
	broker.id.generation.enable = true
	broker.rack = null
	client.quota.callback.class = null
	compression.type = producer
	connection.failed.authentication.delay.ms = 100
	connections.max.idle.ms = 600000
	connections.max.reauth.ms = 0
	control.plane.listener.name = null
	controlled.shutdown.enable = true
	controlled.shutdown.max.retries = 3
	controlled.shutdown.retry.backoff.ms = 5000
	controller.socket.timeout.ms = 30000
	create.topic.policy.class.name = null
	default.replication.factor = 1
	delegation.token.expiry.check.interval.ms = 3600000
	delegation.token.expiry.time.ms = 86400000
	delegation.token.master.key = null
	delegation.token.max.lifetime.ms = 604800000
	delete.records.purgatory.purge.interval.requests = 1
	delete.topic.enable = true
	fetch.purgatory.purge.interval.requests = 1000
	group.initial.rebalance.delay.ms = 0
	group.max.session.timeout.ms = 300000
	group.max.size = 2147483647
	group.min.session.timeout.ms = 6000
	host.name = 
	inter.broker.listener.name = null
	inter.broker.protocol.version = 2.2-IV1
	kafka.metrics.polling.interval.secs = 10
	kafka.metrics.reporters = []
	leader.imbalance.check.interval.seconds = 300
	leader.imbalance.per.broker.percentage = 10
	listener.security.protocol.map = PLAINTEXT:PLAINTEXT,SSL:SSL,SASL_PLAINTEXT:SASL_PLAINTEXT,SASL_SSL:SASL_SSL
	listeners = null
	log.cleaner.backoff.ms = 15000
	log.cleaner.dedupe.buffer.size = 134217728
	log.cleaner.delete.retention.ms = 86400000
	log.cleaner.enable = true
	log.cleaner.io.buffer.load.factor = 0.9
	log.cleaner.io.buffer.size = 524288
	log.cleaner.io.max.bytes.per.second = 1.7976931348623157E308
	log.cleaner.min.cleanable.ratio = 0.5
	log.cleaner.min.compaction.lag.ms = 0
	log.cleaner.threads = 1
	log.cleanup.policy = [delete]
	log.dir = /tmp/kafka-logs
	log.dirs = /tmp/kafka-logs
	log.flush.interval.messages = 9223372036854775807
	log.flush.interval.ms = null
	log.flush.offset.checkpoint.interval.ms = 60000
	log.flush.scheduler.interval.ms = 9223372036854775807
	log.flush.start.offset.checkpoint.interval.ms = 60000
	log.index.interval.bytes = 4096
	log.index.size.max.bytes = 10485760
	log.message.downconversion.enable = true
	log.message.format.version = 2.2-IV1
	log.message.timestamp.difference.max.ms = 9223372036854775807
	log.message.timestamp.type = CreateTime
	log.preallocate = false
	log.retention.bytes = -1
	log.retention.check.interval.ms = 300000
	log.retention.hours = 168
	log.retention.minutes = null
	log.retention.ms = null
	log.roll.hours = 168
	log.roll.jitter.hours = 0
	log.roll.jitter.ms = null
	log.roll.ms = null
	log.segment.bytes = 1073741824
	log.segment.delete.delay.ms = 60000
	max.connections.per.ip = 2147483647
	max.connections.per.ip.overrides = 
	max.incremental.fetch.session.cache.slots = 1000
	message.max.bytes = 1000012
	metric.reporters = []
	metrics.num.samples = 2
	metrics.recording.level = INFO
	metrics.sample.window.ms = 30000
	min.insync.replicas = 1
	num.io.threads = 8
	num.network.threads = 3
	num.partitions = 1
	num.recovery.threads.per.data.dir = 1
	num.replica.alter.log.dirs.threads = null
	num.replica.fetchers = 1
	offset.metadata.max.bytes = 4096
	offsets.commit.required.acks = -1
	offsets.commit.timeout.ms = 5000
	offsets.load.buffer.size = 5242880
	offsets.retention.check.interval.ms = 600000
	offsets.retention.minutes = 10080
	offsets.topic.compression.codec = 0
	offsets.topic.num.partitions = 50
	offsets.topic.replication.factor = 1
	offsets.topic.segment.bytes = 104857600
	password.encoder.cipher.algorithm = AES/CBC/PKCS5Padding
	password.encoder.iterations = 4096
	password.encoder.key.length = 128
	password.encoder.keyfactory.algorithm = null
	password.encoder.old.secret = null
	password.encoder.secret = null
	port = 9092
	principal.builder.class = null
	producer.purgatory.purge.interval.requests = 1000
	queued.max.request.bytes = -1
	queued.max.requests = 500
	quota.consumer.default = 9223372036854775807
	quota.producer.default = 9223372036854775807
	quota.window.num = 11
	quota.window.size.seconds = 1
	replica.fetch.backoff.ms = 1000
	replica.fetch.max.bytes = 1048576
	replica.fetch.min.bytes = 1
	replica.fetch.response.max.bytes = 10485760
	replica.fetch.wait.max.ms = 500
	replica.high.watermark.checkpoint.interval.ms = 5000
	replica.lag.time.max.ms = 10000
	replica.socket.receive.buffer.bytes = 65536
	replica.socket.timeout.ms = 30000
	replication.quota.window.num = 11
	replication.quota.window.size.seconds = 1
	request.timeout.ms = 30000
	reserved.broker.max.id = 1000
	sasl.client.callback.handler.class = null
	sasl.enabled.mechanisms = [GSSAPI]
	sasl.jaas.config = null
	sasl.kerberos.kinit.cmd = /usr/bin/kinit
	sasl.kerberos.min.time.before.relogin = 60000
	sasl.kerberos.principal.to.local.rules = [DEFAULT]
	sasl.kerberos.service.name = null
	sasl.kerberos.ticket.renew.jitter = 0.05
	sasl.kerberos.ticket.renew.window.factor = 0.8
	sasl.login.callback.handler.class = null
	sasl.login.class = null
	sasl.login.refresh.buffer.seconds = 300
	sasl.login.refresh.min.period.seconds = 60
	sasl.login.refresh.window.factor = 0.8
	sasl.login.refresh.window.jitter = 0.05
	sasl.mechanism.inter.broker.protocol = GSSAPI
	sasl.server.callback.handler.class = null
	security.inter.broker.protocol = PLAINTEXT
	socket.receive.buffer.bytes = 102400
	socket.request.max.bytes = 104857600
	socket.send.buffer.bytes = 102400
	ssl.cipher.suites = []
	ssl.client.auth = none
	ssl.enabled.protocols = [TLSv1.2, TLSv1.1, TLSv1]
	ssl.endpoint.identification.algorithm = https
	ssl.key.password = null
	ssl.keymanager.algorithm = SunX509
	ssl.keystore.location = null
	ssl.keystore.password = null
	ssl.keystore.type = JKS
	ssl.principal.mapping.rules = [DEFAULT]
	ssl.protocol = TLS
	ssl.provider = null
	ssl.secure.random.implementation = null
	ssl.trustmanager.algorithm = PKIX
	ssl.truststore.location = null
	ssl.truststore.password = null
	ssl.truststore.type = JKS
	transaction.abort.timed.out.transaction.cleanup.interval.ms = 60000
	transaction.max.timeout.ms = 900000
	transaction.remove.expired.transaction.cleanup.interval.ms = 3600000
	transaction.state.log.load.buffer.size = 5242880
	transaction.state.log.min.isr = 1
	transaction.state.log.num.partitions = 50
	transaction.state.log.replication.factor = 1
	transaction.state.log.segment.bytes = 104857600
	transactional.id.expiration.ms = 604800000
	unclean.leader.election.enable = false
	zookeeper.connect = localhost:2181
	zookeeper.connection.timeout.ms = 6000
	zookeeper.max.in.flight.requests = 10
	zookeeper.session.timeout.ms = 6000
	zookeeper.set.acl = false
	zookeeper.sync.time.ms = 2000
 (kafka.server.KafkaConfig)
[2019-07-28 13:40:16,374] INFO [ThrottledChannelReaper-Fetch]: Starting (kafka.server.ClientQuotaManager$ThrottledChannelReaper)
[2019-07-28 13:40:16,374] INFO [ThrottledChannelReaper-Produce]: Starting (kafka.server.ClientQuotaManager$ThrottledChannelReaper)
[2019-07-28 13:40:16,375] INFO [ThrottledChannelReaper-Request]: Starting (kafka.server.ClientQuotaManager$ThrottledChannelReaper)
[2019-07-28 13:40:16,399] INFO Log directory /tmp/kafka-logs not found, creating it. (kafka.log.LogManager)
[2019-07-28 13:40:16,405] INFO Loading logs. (kafka.log.LogManager)
[2019-07-28 13:40:16,412] INFO Logs loading complete in 7 ms. (kafka.log.LogManager)
[2019-07-28 13:40:16,424] INFO Starting log cleanup with a period of 300000 ms. (kafka.log.LogManager)
[2019-07-28 13:40:16,427] INFO Starting log flusher with a default period of 9223372036854775807 ms. (kafka.log.LogManager)
[2019-07-28 13:40:16,722] INFO Awaiting socket connections on s0.0.0.0:9092. (kafka.network.Acceptor)
[2019-07-28 13:40:16,758] INFO [SocketServer brokerId=0] Created data-plane acceptor and processors for endpoint : EndPoint(null,9092,ListenerName(PLAINTEXT),PLAINTEXT) (kafka.network.SocketServer)
[2019-07-28 13:40:16,760] INFO [SocketServer brokerId=0] Started 1 acceptor threads for data-plane (kafka.network.SocketServer)
[2019-07-28 13:40:16,782] INFO [ExpirationReaper-0-Produce]: Starting (kafka.server.DelayedOperationPurgatory$ExpiredOperationReaper)
[2019-07-28 13:40:16,786] INFO [ExpirationReaper-0-Fetch]: Starting (kafka.server.DelayedOperationPurgatory$ExpiredOperationReaper)
[2019-07-28 13:40:16,790] INFO [ExpirationReaper-0-DeleteRecords]: Starting (kafka.server.DelayedOperationPurgatory$ExpiredOperationReaper)
[2019-07-28 13:40:16,790] INFO [ExpirationReaper-0-ElectPreferredLeader]: Starting (kafka.server.DelayedOperationPurgatory$ExpiredOperationReaper)
[2019-07-28 13:40:16,806] INFO [LogDirFailureHandler]: Starting (kafka.server.ReplicaManager$LogDirFailureHandler)
[2019-07-28 13:40:16,830] INFO Creating /brokers/ids/0 (is it secure? false) (kafka.zk.KafkaZkClient)
[2019-07-28 13:40:16,850] INFO Stat of the created znode at /brokers/ids/0 is: 24,24,1564314016843,1564314016843,1,0,0,72061709861715968,180,0,24
 (kafka.zk.KafkaZkClient)
[2019-07-28 13:40:16,851] INFO Registered broker 0 at path /brokers/ids/0 with addresses: ArrayBuffer(EndPoint(linux,9092,ListenerName(PLAINTEXT),PLAINTEXT)), czxid (broker epoch): 24 (kafka.zk.KafkaZkClient)
[2019-07-28 13:40:16,853] WARN No meta.properties file under dir /tmp/kafka-logs/meta.properties (kafka.server.BrokerMetadataCheckpoint)
[2019-07-28 13:40:16,934] INFO [ExpirationReaper-0-topic]: Starting (kafka.server.DelayedOperationPurgatory$ExpiredOperationReaper)
[2019-07-28 13:40:16,936] INFO [ExpirationReaper-0-Heartbeat]: Starting (kafka.server.DelayedOperationPurgatory$ExpiredOperationReaper)
[2019-07-28 13:40:16,936] INFO Successfully created /controller_epoch with initial epoch 0 (kafka.zk.KafkaZkClient)
[2019-07-28 13:40:16,936] INFO [ExpirationReaper-0-Rebalance]: Starting (kafka.server.DelayedOperationPurgatory$ExpiredOperationReaper)
[2019-07-28 13:40:16,953] INFO [GroupCoordinator 0]: Starting up. (kafka.coordinator.group.GroupCoordinator)
[2019-07-28 13:40:16,961] INFO [GroupCoordinator 0]: Startup complete. (kafka.coordinator.group.GroupCoordinator)
[2019-07-28 13:40:16,962] INFO [GroupMetadataManager brokerId=0] Removed 0 expired offsets in 4 milliseconds. (kafka.coordinator.group.GroupMetadataManager)
[2019-07-28 13:40:16,974] INFO [ProducerId Manager 0]: Acquired new producerId block (brokerId:0,blockStartProducerId:0,blockEndProducerId:999) by writing to Zk with path version 1 (kafka.coordinator.transaction.ProducerIdManager)
[2019-07-28 13:40:16,999] INFO [TransactionCoordinator id=0] Starting up. (kafka.coordinator.transaction.TransactionCoordinator)
[2019-07-28 13:40:17,006] INFO [Transaction Marker Channel Manager 0]: Starting (kafka.coordinator.transaction.TransactionMarkerChannelManager)
[2019-07-28 13:40:17,006] INFO [TransactionCoordinator id=0] Startup complete. (kafka.coordinator.transaction.TransactionCoordinator)
[2019-07-28 13:40:17,075] INFO [/config/changes-event-process-thread]: Starting (kafka.common.ZkNodeChangeNotificationListener$ChangeEventProcessThread)
[2019-07-28 13:40:17,089] INFO [SocketServer brokerId=0] Started data-plane processors for 1 acceptors (kafka.network.SocketServer)
[2019-07-28 13:40:17,095] INFO Kafka version: 2.2.1 (org.apache.kafka.common.utils.AppInfoParser)
[2019-07-28 13:40:17,095] INFO Kafka commitId: 55783d3133a5a49a (org.apache.kafka.common.utils.AppInfoParser)
[2019-07-28 13:40:17,097] INFO [KafkaServer id=0] started (kafka.server.KafkaServer)
[2019-07-28 13:40:22,790] INFO Creating topic test with configuration {} and initial partition assignment Map(0 -> ArrayBuffer(0)) (kafka.zk.AdminZkClient)
[2019-07-28 13:40:22,853] INFO [ReplicaFetcherManager on broker 0] Removed fetcher for partitions Set(test-0) (kafka.server.ReplicaFetcherManager)
[2019-07-28 13:40:22,915] INFO [Log partition=test-0, dir=/tmp/kafka-logs] Loading producer state till offset 0 with message format version 2 (kafka.log.Log)
[2019-07-28 13:40:22,922] INFO [Log partition=test-0, dir=/tmp/kafka-logs] Completed load of log with 1 segments, log start offset 0 and log end offset 0 in 44 ms (kafka.log.Log)
[2019-07-28 13:40:22,924] INFO Created log for partition test-0 in /tmp/kafka-logs with properties {compression.type -> producer, message.format.version -> 2.2-IV1, file.delete.delay.ms -> 60000, max.message.bytes -> 1000012, min.compaction.lag.ms -> 0, message.timestamp.type -> CreateTime, message.downconversion.enable -> true, min.insync.replicas -> 1, segment.jitter.ms -> 0, preallocate -> false, min.cleanable.dirty.ratio -> 0.5, index.interval.bytes -> 4096, unclean.leader.election.enable -> false, retention.bytes -> -1, delete.retention.ms -> 86400000, cleanup.policy -> [delete], flush.ms -> 9223372036854775807, segment.ms -> 604800000, segment.bytes -> 1073741824, retention.ms -> 604800000, message.timestamp.difference.max.ms -> 9223372036854775807, segment.index.bytes -> 10485760, flush.messages -> 9223372036854775807}. (kafka.log.LogManager)
[2019-07-28 13:40:22,925] INFO [Partition test-0 broker=0] No checkpointed highwatermark is found for partition test-0 (kafka.cluster.Partition)
[2019-07-28 13:40:22,927] INFO Replica loaded for partition test-0 with initial high watermark 0 (kafka.cluster.Replica)
[2019-07-28 13:40:22,930] INFO [Partition test-0 broker=0] test-0 starts at Leader Epoch 0 from offset 0. Previous Leader Epoch was: -1 (kafka.cluster.Partition)
[2019-07-28 13:50:16,954] INFO [GroupMetadataManager brokerId=0] Removed 0 expired offsets in 0 milliseconds. (kafka.coordinator.group.GroupMetadataManager)
[2019-07-28 14:00:16,954] INFO [GroupMetadataManager brokerId=0] Removed 0 expired offsets in 0 milliseconds. (kafka.coordinator.group.GroupMetadataManager)
[2019-07-28 14:10:16,954] INFO [GroupMetadataManager brokerId=0] Removed 0 expired offsets in 0 milliseconds. (kafka.coordinator.group.GroupMetadataManager)
[2019-07-28 14:15:30,689] INFO Creating topic lab-results-demo with configuration {} and initial partition assignment Map(0 -> ArrayBuffer(0)) (kafka.zk.AdminZkClient)
[2019-07-28 14:15:30,707] INFO [KafkaApi-0] Auto creation of topic lab-results-demo with 1 partitions and replication factor 1 is successful (kafka.server.KafkaApis)
[2019-07-28 14:15:30,731] INFO [ReplicaFetcherManager on broker 0] Removed fetcher for partitions Set(lab-results-demo-0) (kafka.server.ReplicaFetcherManager)
[2019-07-28 14:15:30,735] INFO [Log partition=lab-results-demo-0, dir=/tmp/kafka-logs] Loading producer state till offset 0 with message format version 2 (kafka.log.Log)
[2019-07-28 14:15:30,736] INFO [Log partition=lab-results-demo-0, dir=/tmp/kafka-logs] Completed load of log with 1 segments, log start offset 0 and log end offset 0 in 3 ms (kafka.log.Log)
[2019-07-28 14:15:30,737] INFO Created log for partition lab-results-demo-0 in /tmp/kafka-logs with properties {compression.type -> producer, message.format.version -> 2.2-IV1, file.delete.delay.ms -> 60000, max.message.bytes -> 1000012, min.compaction.lag.ms -> 0, message.timestamp.type -> CreateTime, message.downconversion.enable -> true, min.insync.replicas -> 1, segment.jitter.ms -> 0, preallocate -> false, min.cleanable.dirty.ratio -> 0.5, index.interval.bytes -> 4096, unclean.leader.election.enable -> false, retention.bytes -> -1, delete.retention.ms -> 86400000, cleanup.policy -> [delete], flush.ms -> 9223372036854775807, segment.ms -> 604800000, segment.bytes -> 1073741824, retention.ms -> 604800000, message.timestamp.difference.max.ms -> 9223372036854775807, segment.index.bytes -> 10485760, flush.messages -> 9223372036854775807}. (kafka.log.LogManager)
[2019-07-28 14:15:30,738] INFO [Partition lab-results-demo-0 broker=0] No checkpointed highwatermark is found for partition lab-results-demo-0 (kafka.cluster.Partition)
[2019-07-28 14:15:30,738] INFO Replica loaded for partition lab-results-demo-0 with initial high watermark 0 (kafka.cluster.Replica)
[2019-07-28 14:15:30,738] INFO [Partition lab-results-demo-0 broker=0] lab-results-demo-0 starts at Leader Epoch 0 from offset 0. Previous Leader Epoch was: -1 (kafka.cluster.Partition)
[2019-07-28 14:17:44,044] INFO Terminating process due to signal SIGTERM (org.apache.kafka.common.utils.LoggingSignalHandler)
[2019-07-28 14:17:44,046] INFO [KafkaServer id=0] shutting down (kafka.server.KafkaServer)
[2019-07-28 14:17:44,047] INFO [KafkaServer id=0] Starting controlled shutdown (kafka.server.KafkaServer)
[2019-07-28 14:17:44,070] INFO [KafkaServer id=0] Controlled shutdown succeeded (kafka.server.KafkaServer)
[2019-07-28 14:17:44,074] INFO [/config/changes-event-process-thread]: Shutting down (kafka.common.ZkNodeChangeNotificationListener$ChangeEventProcessThread)
[2019-07-28 14:17:44,075] INFO [/config/changes-event-process-thread]: Stopped (kafka.common.ZkNodeChangeNotificationListener$ChangeEventProcessThread)
[2019-07-28 14:17:44,075] INFO [/config/changes-event-process-thread]: Shutdown completed (kafka.common.ZkNodeChangeNotificationListener$ChangeEventProcessThread)
[2019-07-28 14:17:44,076] INFO [SocketServer brokerId=0] Stopping socket server request processors (kafka.network.SocketServer)
[2019-07-28 14:17:44,085] INFO [SocketServer brokerId=0] Stopped socket server request processors (kafka.network.SocketServer)
[2019-07-28 14:17:44,085] INFO [data-plane Kafka Request Handler on Broker 0], shutting down (kafka.server.KafkaRequestHandlerPool)
[2019-07-28 14:17:44,087] INFO [data-plane Kafka Request Handler on Broker 0], shut down completely (kafka.server.KafkaRequestHandlerPool)
[2019-07-28 14:17:44,089] INFO [KafkaApi-0] Shutdown complete. (kafka.server.KafkaApis)
[2019-07-28 14:17:44,090] INFO [ExpirationReaper-0-topic]: Shutting down (kafka.server.DelayedOperationPurgatory$ExpiredOperationReaper)
[2019-07-28 14:17:44,172] INFO [ExpirationReaper-0-topic]: Stopped (kafka.server.DelayedOperationPurgatory$ExpiredOperationReaper)
[2019-07-28 14:17:44,172] INFO [ExpirationReaper-0-topic]: Shutdown completed (kafka.server.DelayedOperationPurgatory$ExpiredOperationReaper)
[2019-07-28 14:17:44,176] INFO [TransactionCoordinator id=0] Shutting down. (kafka.coordinator.transaction.TransactionCoordinator)
[2019-07-28 14:17:44,176] INFO [ProducerId Manager 0]: Shutdown complete: last producerId assigned 0 (kafka.coordinator.transaction.ProducerIdManager)
[2019-07-28 14:17:44,177] INFO [Transaction State Manager 0]: Shutdown complete (kafka.coordinator.transaction.TransactionStateManager)
[2019-07-28 14:17:44,177] INFO [Transaction Marker Channel Manager 0]: Shutting down (kafka.coordinator.transaction.TransactionMarkerChannelManager)
[2019-07-28 14:17:44,177] INFO [Transaction Marker Channel Manager 0]: Stopped (kafka.coordinator.transaction.TransactionMarkerChannelManager)
[2019-07-28 14:17:44,177] INFO [Transaction Marker Channel Manager 0]: Shutdown completed (kafka.coordinator.transaction.TransactionMarkerChannelManager)
[2019-07-28 14:17:44,177] INFO [TransactionCoordinator id=0] Shutdown complete. (kafka.coordinator.transaction.TransactionCoordinator)
[2019-07-28 14:17:44,178] INFO [GroupCoordinator 0]: Shutting down. (kafka.coordinator.group.GroupCoordinator)
[2019-07-28 14:17:44,178] INFO [ExpirationReaper-0-Heartbeat]: Shutting down (kafka.server.DelayedOperationPurgatory$ExpiredOperationReaper)
[2019-07-28 14:17:44,179] INFO [ExpirationReaper-0-Heartbeat]: Stopped (kafka.server.DelayedOperationPurgatory$ExpiredOperationReaper)
[2019-07-28 14:17:44,179] INFO [ExpirationReaper-0-Heartbeat]: Shutdown completed (kafka.server.DelayedOperationPurgatory$ExpiredOperationReaper)
[2019-07-28 14:17:44,179] INFO [ExpirationReaper-0-Rebalance]: Shutting down (kafka.server.DelayedOperationPurgatory$ExpiredOperationReaper)
[2019-07-28 14:17:44,379] INFO [ExpirationReaper-0-Rebalance]: Stopped (kafka.server.DelayedOperationPurgatory$ExpiredOperationReaper)
[2019-07-28 14:17:44,379] INFO [ExpirationReaper-0-Rebalance]: Shutdown completed (kafka.server.DelayedOperationPurgatory$ExpiredOperationReaper)
[2019-07-28 14:17:44,380] INFO [GroupCoordinator 0]: Shutdown complete. (kafka.coordinator.group.GroupCoordinator)
[2019-07-28 14:17:44,380] INFO [ReplicaManager broker=0] Shutting down (kafka.server.ReplicaManager)
[2019-07-28 14:17:44,381] INFO [LogDirFailureHandler]: Shutting down (kafka.server.ReplicaManager$LogDirFailureHandler)
[2019-07-28 14:17:44,381] INFO [LogDirFailureHandler]: Stopped (kafka.server.ReplicaManager$LogDirFailureHandler)
[2019-07-28 14:17:44,381] INFO [LogDirFailureHandler]: Shutdown completed (kafka.server.ReplicaManager$LogDirFailureHandler)
[2019-07-28 14:17:44,381] INFO [ReplicaFetcherManager on broker 0] shutting down (kafka.server.ReplicaFetcherManager)
[2019-07-28 14:17:44,382] INFO [ReplicaFetcherManager on broker 0] shutdown completed (kafka.server.ReplicaFetcherManager)
[2019-07-28 14:17:44,383] INFO [ReplicaAlterLogDirsManager on broker 0] shutting down (kafka.server.ReplicaAlterLogDirsManager)
[2019-07-28 14:17:44,383] INFO [ReplicaAlterLogDirsManager on broker 0] shutdown completed (kafka.server.ReplicaAlterLogDirsManager)
[2019-07-28 14:17:44,383] INFO [ExpirationReaper-0-Fetch]: Shutting down (kafka.server.DelayedOperationPurgatory$ExpiredOperationReaper)
[2019-07-28 14:17:44,579] INFO [ExpirationReaper-0-Fetch]: Stopped (kafka.server.DelayedOperationPurgatory$ExpiredOperationReaper)
[2019-07-28 14:17:44,579] INFO [ExpirationReaper-0-Fetch]: Shutdown completed (kafka.server.DelayedOperationPurgatory$ExpiredOperationReaper)
[2019-07-28 14:17:44,579] INFO [ExpirationReaper-0-Produce]: Shutting down (kafka.server.DelayedOperationPurgatory$ExpiredOperationReaper)
[2019-07-28 14:17:44,602] INFO [ExpirationReaper-0-Produce]: Stopped (kafka.server.DelayedOperationPurgatory$ExpiredOperationReaper)
[2019-07-28 14:17:44,602] INFO [ExpirationReaper-0-Produce]: Shutdown completed (kafka.server.DelayedOperationPurgatory$ExpiredOperationReaper)
[2019-07-28 14:17:44,602] INFO [ExpirationReaper-0-DeleteRecords]: Shutting down (kafka.server.DelayedOperationPurgatory$ExpiredOperationReaper)
[2019-07-28 14:17:44,607] INFO [ExpirationReaper-0-DeleteRecords]: Stopped (kafka.server.DelayedOperationPurgatory$ExpiredOperationReaper)
[2019-07-28 14:17:44,607] INFO [ExpirationReaper-0-DeleteRecords]: Shutdown completed (kafka.server.DelayedOperationPurgatory$ExpiredOperationReaper)
[2019-07-28 14:17:44,608] INFO [ExpirationReaper-0-ElectPreferredLeader]: Shutting down (kafka.server.DelayedOperationPurgatory$ExpiredOperationReaper)
[2019-07-28 14:17:44,807] INFO [ExpirationReaper-0-ElectPreferredLeader]: Stopped (kafka.server.DelayedOperationPurgatory$ExpiredOperationReaper)
[2019-07-28 14:17:44,807] INFO [ExpirationReaper-0-ElectPreferredLeader]: Shutdown completed (kafka.server.DelayedOperationPurgatory$ExpiredOperationReaper)
[2019-07-28 14:17:44,811] INFO [ReplicaManager broker=0] Shut down completely (kafka.server.ReplicaManager)
[2019-07-28 14:17:44,811] INFO Shutting down. (kafka.log.LogManager)
[2019-07-28 14:17:44,820] INFO [ProducerStateManager partition=lab-results-demo-0] Writing producer snapshot at offset 1 (kafka.log.ProducerStateManager)
[2019-07-28 14:17:44,843] INFO Shutdown complete. (kafka.log.LogManager)
[2019-07-28 14:17:44,853] INFO [ZooKeeperClient] Closing. (kafka.zookeeper.ZooKeeperClient)
[2019-07-28 14:17:44,856] INFO EventThread shut down for session: 0x10003be4a370000 (org.apache.zookeeper.ClientCnxn)
[2019-07-28 14:17:44,856] INFO Session: 0x10003be4a370000 closed (org.apache.zookeeper.ZooKeeper)
[2019-07-28 14:17:44,857] INFO [ZooKeeperClient] Closed. (kafka.zookeeper.ZooKeeperClient)
[2019-07-28 14:17:44,858] INFO [ThrottledChannelReaper-Fetch]: Shutting down (kafka.server.ClientQuotaManager$ThrottledChannelReaper)
[2019-07-28 14:17:45,741] INFO [ThrottledChannelReaper-Fetch]: Stopped (kafka.server.ClientQuotaManager$ThrottledChannelReaper)
[2019-07-28 14:17:45,741] INFO [ThrottledChannelReaper-Fetch]: Shutdown completed (kafka.server.ClientQuotaManager$ThrottledChannelReaper)
[2019-07-28 14:17:45,741] INFO [ThrottledChannelReaper-Produce]: Shutting down (kafka.server.ClientQuotaManager$ThrottledChannelReaper)
[2019-07-28 14:17:46,737] INFO [ThrottledChannelReaper-Produce]: Stopped (kafka.server.ClientQuotaManager$ThrottledChannelReaper)
[2019-07-28 14:17:46,737] INFO [ThrottledChannelReaper-Produce]: Shutdown completed (kafka.server.ClientQuotaManager$ThrottledChannelReaper)
[2019-07-28 14:17:46,737] INFO [ThrottledChannelReaper-Request]: Shutting down (kafka.server.ClientQuotaManager$ThrottledChannelReaper)
[2019-07-28 14:17:47,737] INFO [ThrottledChannelReaper-Request]: Stopped (kafka.server.ClientQuotaManager$ThrottledChannelReaper)
[2019-07-28 14:17:47,737] INFO [ThrottledChannelReaper-Request]: Shutdown completed (kafka.server.ClientQuotaManager$ThrottledChannelReaper)
[2019-07-28 14:17:47,738] INFO [SocketServer brokerId=0] Shutting down socket server (kafka.network.SocketServer)
[2019-07-28 14:17:47,762] INFO [SocketServer brokerId=0] Shutdown completed (kafka.network.SocketServer)
[2019-07-28 14:17:47,765] INFO [KafkaServer id=0] shut down completed (kafka.server.KafkaServer)
